<?xml version="1.0" encoding="UTF-8"?>
<!-- Generated by org.testng.reporters.JUnitReportReporter -->
<testsuite hostname="MacBook-Air.local" failures="0" tests="1" name="com.sevenrmartsupermarket.tests.LoginTest" time="47.619" errors="0" timestamp="2023-12-28T21:43:34 IST" skipped="0">
  <testcase classname="com.sevenrmartsupermarket.tests.LoginTest" name="checkExcel" time="47.619"/>
  <system-out/>
</testsuite> <!-- com.sevenrmartsupermarket.tests.LoginTest -->
